<?xml version="1.0" encoding="UTF-8"?>
<!-- Generated by org.testng.reporters.JUnitReportReporter -->
<testsuite skipped="0" hostname="LAPTOP-2UEFUCRO" name="testCases.LoginPageTest" tests="1" failures="0" timestamp="2021-02-13T14:38:26 CST" time="13.215" errors="0">
  <testcase name="LoginTest" time="13.215" classname="testCases.LoginPageTest"/>
  <system-out/>
</testsuite> <!-- testCases.LoginPageTest -->
