<?xml version="1.0" encoding="UTF-8"?>
<!-- Generated by org.testng.reporters.JUnitReportReporter -->
<testsuite skipped="0" hostname="LAPTOP-2UEFUCRO" name="testCases.LoginPageTest" tests="1" failures="0" timestamp="14 Feb 2021 16:41:44 GMT" time="13.130" errors="0">
  <testcase name="LoginTest" time="13.130" classname="testCases.LoginPageTest"/>
</testsuite> <!-- testCases.LoginPageTest -->
